This file contains any messages produced by compilers while
running configure, to aid debugging if configure makes a mistake.

It was created by configure, which was
generated by GNU Autoconf 2.72.  Invocation command line was

  $ ./configure --with-php-config=/opt/homebrew/Cellar/php/8.4.6/bin/php-config

## --------- ##
## Platform. ##
## --------- ##

hostname = Cristians-MacBook-Pro.local
uname -m = arm64
uname -r = 24.6.0
uname -s = Darwin
uname -v = Darwin Kernel Version 24.6.0: Mon Jul 14 11:30:30 PDT 2025; root:xnu-11417.140.69~1/RELEASE_ARM64_T6020

/usr/bin/uname -p = arm
/bin/uname -X     = unknown

/bin/arch              = unknown
/usr/bin/arch -k       = unknown
/usr/convex/getsysinfo = unknown
/usr/bin/hostinfo      = Mach kernel version:
	 Darwin Kernel Version 24.6.0: Mon Jul 14 11:30:30 PDT 2025; root:xnu-11417.140.69~1/RELEASE_ARM64_T6020
Kernel configured for up to 12 processors.
12 processors are physically available.
12 processors are logically available.
Processor type: arm64e (ARM64E)
Processors active: 0 1 2 3 4 5 6 7 8 9 10 11
Primary memory available: 16.00 gigabytes
Default processor set: 625 tasks, 5527 threads, 12 processors
Load average: 10.88, Mach factor: 3.44
/bin/machine           = unknown
/usr/bin/oslevel       = unknown
/bin/universe          = unknown

PATH: /Users/cristianpantea/Library/Application Support/Herd/bin/
PATH: /opt/homebrew/opt/mysql-client/bin/
PATH: /opt/homebrew/opt/php@8.3/sbin/
PATH: /opt/homebrew/opt/php@8.3/bin/
PATH: /Users/cristianpantea/.config/herd-lite/bin/
PATH: /Library/Internet Plug-Ins/JavaAppletPlugin.plugin/Contents/Home/bin/
PATH: /opt/homebrew/bin/
PATH: /opt/homebrew/sbin/
PATH: /usr/local/bin/
PATH: /System/Cryptexes/App/usr/bin/
PATH: /usr/bin/
PATH: /bin/
PATH: /usr/sbin/
PATH: /sbin/
PATH: /var/run/com.apple.security.cryptexd/codex.system/bootstrap/usr/local/bin/
PATH: /var/run/com.apple.security.cryptexd/codex.system/bootstrap/usr/bin/
PATH: /var/run/com.apple.security.cryptexd/codex.system/bootstrap/usr/appleinternal/bin/
PATH: /Applications/VMware Fusion.app/Contents/Public/
PATH: /usr/local/share/dotnet/
PATH: ~/.dotnet/tools/
PATH: /Library/Frameworks/Mono.framework/Versions/Current/Commands/
PATH: /Users/cristianpantea/Library/Application Support/JetBrains/Toolbox/scripts/
PATH: /Users/cristianpantea/.lmstudio/bin/
PATH: /Users/cristianpantea/.composer/vendor/bin/


## ----------- ##
## Core tests. ##
## ----------- ##

configure:2555: looking for aux files: config.guess config.sub
configure:2568:  trying ./build/
configure:2597:   ./build/config.guess found
configure:2597:   ./build/config.sub found
configure:2715: checking for grep that handles long lines and -e
configure:2781: result: /usr/bin/grep
configure:2786: checking for egrep
configure:2856: result: /usr/bin/grep -E
configure:2863: checking for a sed that does not truncate output
configure:2935: result: /usr/bin/sed
configure:3080: checking for pkg-config
configure:3103: found /opt/homebrew/bin/pkg-config
configure:3116: result: /opt/homebrew/bin/pkg-config
configure:3141: checking pkg-config is at least version 0.9.0
configure:3144: result: yes
configure:3221: checking for cc
configure:3242: found /usr/bin/cc
configure:3254: result: cc
configure:3285: checking for C compiler version
configure:3294: cc --version >&5
Apple clang version 17.0.0 (clang-1700.0.13.5)
Target: arm64-apple-darwin24.6.0
Thread model: posix
InstalledDir: /Library/Developer/CommandLineTools/usr/bin
configure:3305: $? = 0
configure:3294: cc -v >&5
Apple clang version 17.0.0 (clang-1700.0.13.5)
Target: arm64-apple-darwin24.6.0
Thread model: posix
InstalledDir: /Library/Developer/CommandLineTools/usr/bin
configure:3305: $? = 0
configure:3294: cc -V >&5
clang: error: argument to '-V' is missing (expected 1 value)
clang: error: no input files
configure:3305: $? = 1
configure:3294: cc -qversion >&5
clang: error: unknown argument '-qversion'; did you mean '--version'?
clang: error: no input files
configure:3305: $? = 1
configure:3294: cc -version >&5
clang: error: unknown argument '-version'; did you mean '--version'?
clang: error: no input files
configure:3305: $? = 1
configure:3325: checking whether the C compiler works
configure:3347: cc    conftest.c  >&5
configure:3351: $? = 0
configure:3402: result: yes
configure:3406: checking for C compiler default output file name
configure:3408: result: a.out
configure:3414: checking for suffix of executables
configure:3421: cc -o conftest    conftest.c  >&5
configure:3425: $? = 0
configure:3449: result: 
configure:3473: checking whether we are cross compiling
configure:3481: cc -o conftest    conftest.c  >&5
configure:3485: $? = 0
configure:3492: ./conftest
configure:3496: $? = 0
configure:3511: result: no
configure:3517: checking for suffix of object files
configure:3540: cc -c   conftest.c >&5
configure:3544: $? = 0
configure:3568: result: o
configure:3572: checking whether the compiler supports GNU C
configure:3592: cc -c   conftest.c >&5
configure:3592: $? = 0
configure:3604: result: yes
configure:3615: checking whether cc accepts -g
configure:3636: cc -c -g  conftest.c >&5
configure:3636: $? = 0
configure:3683: result: yes
configure:3703: checking for cc option to enable C11 features
configure:3718: cc  -c -g -O2  conftest.c >&5
configure:3718: $? = 0
configure:3737: result: none needed
configure:3861: checking how to run the C preprocessor
configure:3887: cc -E  conftest.c
configure:3887: $? = 0
configure:3903: cc -E  conftest.c
conftest.c:9:10: fatal error: 'ac_nonexistent.h' file not found
    9 | #include <ac_nonexistent.h>
      |          ^~~~~~~~~~~~~~~~~~
1 error generated.
configure:3903: $? = 1
configure: failed program was:
| /* confdefs.h */
| #define PACKAGE_NAME ""
| #define PACKAGE_TARNAME ""
| #define PACKAGE_VERSION ""
| #define PACKAGE_STRING ""
| #define PACKAGE_BUGREPORT ""
| #define PACKAGE_URL ""
| /* end confdefs.h.  */
| #include <ac_nonexistent.h>
configure:3932: result: cc -E
configure:3946: cc -E  conftest.c
configure:3946: $? = 0
configure:3962: cc -E  conftest.c
conftest.c:9:10: fatal error: 'ac_nonexistent.h' file not found
    9 | #include <ac_nonexistent.h>
      |          ^~~~~~~~~~~~~~~~~~
1 error generated.
configure:3962: $? = 1
configure: failed program was:
| /* confdefs.h */
| #define PACKAGE_NAME ""
| #define PACKAGE_TARNAME ""
| #define PACKAGE_VERSION ""
| #define PACKAGE_STRING ""
| #define PACKAGE_BUGREPORT ""
| #define PACKAGE_URL ""
| /* end confdefs.h.  */
| #include <ac_nonexistent.h>
configure:3995: checking for egrep -e
configure:4125: result: /usr/bin/grep -E
configure:4131: checking for icc
configure:4141: result: no
configure:4156: checking for suncc
configure:4166: result: no
configure:4185: checking for system library directory
configure:4202: result: lib
configure:4209: checking if compiler supports -Wl,-rpath,
configure:4229: cc -o conftest -g -O2   conftest.c -Wl,-rpath,/usr/lib  >&5
configure:4229: $? = 0
configure:4242: result: yes
configure:4299: checking build system type
configure:4315: result: aarch64-apple-darwin24.6.0
configure:4335: checking host system type
configure:4350: result: aarch64-apple-darwin24.6.0
configure:4370: checking target system type
configure:4385: result: aarch64-apple-darwin24.6.0
configure:4490: checking for PHP prefix
configure:4492: result: /opt/homebrew/Cellar/php/8.4.6
configure:4494: checking for PHP includes
configure:4496: result: -I/opt/homebrew/Cellar/php/8.4.6/include/php -I/opt/homebrew/Cellar/php/8.4.6/include/php/main -I/opt/homebrew/Cellar/php/8.4.6/include/php/TSRM -I/opt/homebrew/Cellar/php/8.4.6/include/php/Zend -I/opt/homebrew/Cellar/php/8.4.6/include/php/ext -I/opt/homebrew/Cellar/php/8.4.6/include/php/ext/date/lib
configure:4498: checking for PHP extension directory
configure:4500: result: /opt/homebrew/Cellar/php/8.4.6/pecl/20240924
configure:4502: checking for PHP installed headers prefix
configure:4504: result: /opt/homebrew/Cellar/php/8.4.6/include/php
configure:4507: checking if debug is enabled
configure:4535: result: no
configure:4538: checking if zts is enabled
configure:4566: result: no
configure:4635: checking for gawk
configure:4672: result: no
configure:4635: checking for nawk
configure:4672: result: no
configure:4635: checking for awk
configure:4657: found /usr/bin/awk
configure:4669: result: awk
configure:4692: checking if awk is broken
configure:4699: result: no
configure:4713: checking whether to enable Xdebug support
configure:4754: result: yes, shared
configure:4763: checking whether to enable Xdebug developer build flags
configure:4779: result: no
configure:4788: checking whether to compress profiler files (requires zlib)
configure:4805: result: yes
configure:4835: checking for supported PHP version
configure:4845: result: supported (8.4.6)
configure:4860: checking for clock_gettime
configure:4874: cc -o conftest -g -O2 -I/opt/homebrew/Cellar/php/8.4.6/include/php -I/opt/homebrew/Cellar/php/8.4.6/include/php/main -I/opt/homebrew/Cellar/php/8.4.6/include/php/TSRM -I/opt/homebrew/Cellar/php/8.4.6/include/php/Zend -I/opt/homebrew/Cellar/php/8.4.6/include/php/ext -I/opt/homebrew/Cellar/php/8.4.6/include/php/ext/date/lib   conftest.c  >&5
configure:4874: $? = 0
configure:4878: result: yes
configure:4934: checking for clock_gettime_nsec_np
configure:4934: cc -o conftest -g -O2 -I/opt/homebrew/Cellar/php/8.4.6/include/php -I/opt/homebrew/Cellar/php/8.4.6/include/php/main -I/opt/homebrew/Cellar/php/8.4.6/include/php/TSRM -I/opt/homebrew/Cellar/php/8.4.6/include/php/Zend -I/opt/homebrew/Cellar/php/8.4.6/include/php/ext -I/opt/homebrew/Cellar/php/8.4.6/include/php/ext/date/lib   conftest.c  >&5
configure:4934: $? = 0
configure:4934: result: yes
configure:4948: checking for gettimeofday
configure:4948: cc -o conftest -g -O2 -I/opt/homebrew/Cellar/php/8.4.6/include/php -I/opt/homebrew/Cellar/php/8.4.6/include/php/main -I/opt/homebrew/Cellar/php/8.4.6/include/php/TSRM -I/opt/homebrew/Cellar/php/8.4.6/include/php/Zend -I/opt/homebrew/Cellar/php/8.4.6/include/php/ext -I/opt/homebrew/Cellar/php/8.4.6/include/php/ext/date/lib   conftest.c  >&5
configure:4948: $? = 0
configure:4948: result: yes
configure:4961: checking for stdio.h
configure:4961: cc -c -g -O2 -I/opt/homebrew/Cellar/php/8.4.6/include/php -I/opt/homebrew/Cellar/php/8.4.6/include/php/main -I/opt/homebrew/Cellar/php/8.4.6/include/php/TSRM -I/opt/homebrew/Cellar/php/8.4.6/include/php/Zend -I/opt/homebrew/Cellar/php/8.4.6/include/php/ext -I/opt/homebrew/Cellar/php/8.4.6/include/php/ext/date/lib  conftest.c >&5
configure:4961: $? = 0
configure:4961: result: yes
configure:4961: checking for stdlib.h
configure:4961: cc -c -g -O2 -I/opt/homebrew/Cellar/php/8.4.6/include/php -I/opt/homebrew/Cellar/php/8.4.6/include/php/main -I/opt/homebrew/Cellar/php/8.4.6/include/php/TSRM -I/opt/homebrew/Cellar/php/8.4.6/include/php/Zend -I/opt/homebrew/Cellar/php/8.4.6/include/php/ext -I/opt/homebrew/Cellar/php/8.4.6/include/php/ext/date/lib  conftest.c >&5
configure:4961: $? = 0
configure:4961: result: yes
configure:4961: checking for string.h
configure:4961: cc -c -g -O2 -I/opt/homebrew/Cellar/php/8.4.6/include/php -I/opt/homebrew/Cellar/php/8.4.6/include/php/main -I/opt/homebrew/Cellar/php/8.4.6/include/php/TSRM -I/opt/homebrew/Cellar/php/8.4.6/include/php/Zend -I/opt/homebrew/Cellar/php/8.4.6/include/php/ext -I/opt/homebrew/Cellar/php/8.4.6/include/php/ext/date/lib  conftest.c >&5
configure:4961: $? = 0
configure:4961: result: yes
configure:4961: checking for inttypes.h
configure:4961: cc -c -g -O2 -I/opt/homebrew/Cellar/php/8.4.6/include/php -I/opt/homebrew/Cellar/php/8.4.6/include/php/main -I/opt/homebrew/Cellar/php/8.4.6/include/php/TSRM -I/opt/homebrew/Cellar/php/8.4.6/include/php/Zend -I/opt/homebrew/Cellar/php/8.4.6/include/php/ext -I/opt/homebrew/Cellar/php/8.4.6/include/php/ext/date/lib  conftest.c >&5
configure:4961: $? = 0
configure:4961: result: yes
configure:4961: checking for stdint.h
configure:4961: cc -c -g -O2 -I/opt/homebrew/Cellar/php/8.4.6/include/php -I/opt/homebrew/Cellar/php/8.4.6/include/php/main -I/opt/homebrew/Cellar/php/8.4.6/include/php/TSRM -I/opt/homebrew/Cellar/php/8.4.6/include/php/Zend -I/opt/homebrew/Cellar/php/8.4.6/include/php/ext -I/opt/homebrew/Cellar/php/8.4.6/include/php/ext/date/lib  conftest.c >&5
configure:4961: $? = 0
configure:4961: result: yes
configure:4961: checking for strings.h
configure:4961: cc -c -g -O2 -I/opt/homebrew/Cellar/php/8.4.6/include/php -I/opt/homebrew/Cellar/php/8.4.6/include/php/main -I/opt/homebrew/Cellar/php/8.4.6/include/php/TSRM -I/opt/homebrew/Cellar/php/8.4.6/include/php/Zend -I/opt/homebrew/Cellar/php/8.4.6/include/php/ext -I/opt/homebrew/Cellar/php/8.4.6/include/php/ext/date/lib  conftest.c >&5
configure:4961: $? = 0
configure:4961: result: yes
configure:4961: checking for sys/stat.h
configure:4961: cc -c -g -O2 -I/opt/homebrew/Cellar/php/8.4.6/include/php -I/opt/homebrew/Cellar/php/8.4.6/include/php/main -I/opt/homebrew/Cellar/php/8.4.6/include/php/TSRM -I/opt/homebrew/Cellar/php/8.4.6/include/php/Zend -I/opt/homebrew/Cellar/php/8.4.6/include/php/ext -I/opt/homebrew/Cellar/php/8.4.6/include/php/ext/date/lib  conftest.c >&5
configure:4961: $? = 0
configure:4961: result: yes
configure:4961: checking for sys/types.h
configure:4961: cc -c -g -O2 -I/opt/homebrew/Cellar/php/8.4.6/include/php -I/opt/homebrew/Cellar/php/8.4.6/include/php/main -I/opt/homebrew/Cellar/php/8.4.6/include/php/TSRM -I/opt/homebrew/Cellar/php/8.4.6/include/php/Zend -I/opt/homebrew/Cellar/php/8.4.6/include/php/ext -I/opt/homebrew/Cellar/php/8.4.6/include/php/ext/date/lib  conftest.c >&5
configure:4961: $? = 0
configure:4961: result: yes
configure:4961: checking for unistd.h
configure:4961: cc -c -g -O2 -I/opt/homebrew/Cellar/php/8.4.6/include/php -I/opt/homebrew/Cellar/php/8.4.6/include/php/main -I/opt/homebrew/Cellar/php/8.4.6/include/php/TSRM -I/opt/homebrew/Cellar/php/8.4.6/include/php/Zend -I/opt/homebrew/Cellar/php/8.4.6/include/php/ext -I/opt/homebrew/Cellar/php/8.4.6/include/php/ext/date/lib  conftest.c >&5
configure:4961: $? = 0
configure:4961: result: yes
configure:4986: checking for netinet/in.h
configure:4986: cc -c -g -O2 -I/opt/homebrew/Cellar/php/8.4.6/include/php -I/opt/homebrew/Cellar/php/8.4.6/include/php/main -I/opt/homebrew/Cellar/php/8.4.6/include/php/TSRM -I/opt/homebrew/Cellar/php/8.4.6/include/php/Zend -I/opt/homebrew/Cellar/php/8.4.6/include/php/ext -I/opt/homebrew/Cellar/php/8.4.6/include/php/ext/date/lib  conftest.c >&5
configure:4986: $? = 0
configure:4986: result: yes
configure:4992: checking for poll.h
configure:4992: cc -c -g -O2 -I/opt/homebrew/Cellar/php/8.4.6/include/php -I/opt/homebrew/Cellar/php/8.4.6/include/php/main -I/opt/homebrew/Cellar/php/8.4.6/include/php/TSRM -I/opt/homebrew/Cellar/php/8.4.6/include/php/Zend -I/opt/homebrew/Cellar/php/8.4.6/include/php/ext -I/opt/homebrew/Cellar/php/8.4.6/include/php/ext/date/lib  conftest.c >&5
configure:4992: $? = 0
configure:4992: result: yes
configure:4998: checking for sys/poll.h
configure:4998: cc -c -g -O2 -I/opt/homebrew/Cellar/php/8.4.6/include/php -I/opt/homebrew/Cellar/php/8.4.6/include/php/main -I/opt/homebrew/Cellar/php/8.4.6/include/php/TSRM -I/opt/homebrew/Cellar/php/8.4.6/include/php/Zend -I/opt/homebrew/Cellar/php/8.4.6/include/php/ext -I/opt/homebrew/Cellar/php/8.4.6/include/php/ext/date/lib  conftest.c >&5
configure:4998: $? = 0
configure:4998: result: yes
configure:5036: checking for res_ninit
configure:5036: cc -o conftest -g -O2 -I/opt/homebrew/Cellar/php/8.4.6/include/php -I/opt/homebrew/Cellar/php/8.4.6/include/php/main -I/opt/homebrew/Cellar/php/8.4.6/include/php/TSRM -I/opt/homebrew/Cellar/php/8.4.6/include/php/Zend -I/opt/homebrew/Cellar/php/8.4.6/include/php/ext -I/opt/homebrew/Cellar/php/8.4.6/include/php/ext/date/lib   conftest.c  >&5
Undefined symbols for architecture arm64:
  "_res_ninit", referenced from:
      _main in conftest-c289f2.o
ld: symbol(s) not found for architecture arm64
clang: error: linker command failed with exit code 1 (use -v to see invocation)
configure:5036: $? = 1
configure: failed program was:
| /* confdefs.h */
| #define PACKAGE_NAME ""
| #define PACKAGE_TARNAME ""
| #define PACKAGE_VERSION ""
| #define PACKAGE_STRING ""
| #define PACKAGE_BUGREPORT ""
| #define PACKAGE_URL ""
| #define HAVE_XDEBUG 1
| #define HAVE_XDEBUG_CLOCK_GETTIME 1
| #define HAVE_XDEBUG_CLOCK_GETTIME_NSEC_NP 1
| #define HAVE_GETTIMEOFDAY 1
| #define HAVE_STDIO_H 1
| #define HAVE_STDLIB_H 1
| #define HAVE_STRING_H 1
| #define HAVE_INTTYPES_H 1
| #define HAVE_STDINT_H 1
| #define HAVE_STRINGS_H 1
| #define HAVE_SYS_STAT_H 1
| #define HAVE_SYS_TYPES_H 1
| #define HAVE_UNISTD_H 1
| #define STDC_HEADERS 1
| #define HAVE_NETINET_IN_H 1
| #define HAVE_POLL_H 1
| #define HAVE_SYS_POLL_H 1
| /* end confdefs.h.  */
| /* Define res_ninit to an innocuous variant, in case <limits.h> declares res_ninit.
|    For example, HP-UX 11i <limits.h> declares gettimeofday.  */
| #define res_ninit innocuous_res_ninit
| 
| /* System header to define __stub macros and hopefully few prototypes,
|    which can conflict with char res_ninit (void); below.  */
| 
| #include <limits.h>
| #undef res_ninit
| 
| /* Override any GCC internal prototype to avoid an error.
|    Use char because int might match the return type of a GCC
|    builtin and then its argument prototype would still apply.  */
| #ifdef __cplusplus
| extern "C"
| #endif
| char res_ninit (void);
| /* The GNU C library defines this for functions which it implements
|     to always fail with ENOSYS.  Some functions are actually named
|     something starting with __ and the normal name is an alias.  */
| #if defined __stub_res_ninit || defined __stub___res_ninit
| choke me
| #endif
| 
| int
| main (void)
| {
| return res_ninit ();
|   ;
|   return 0;
| }
configure:5036: result: no
configure:5041: checking for __res_ninit
configure:5041: cc -o conftest -g -O2 -I/opt/homebrew/Cellar/php/8.4.6/include/php -I/opt/homebrew/Cellar/php/8.4.6/include/php/main -I/opt/homebrew/Cellar/php/8.4.6/include/php/TSRM -I/opt/homebrew/Cellar/php/8.4.6/include/php/Zend -I/opt/homebrew/Cellar/php/8.4.6/include/php/ext -I/opt/homebrew/Cellar/php/8.4.6/include/php/ext/date/lib   conftest.c  >&5
Undefined symbols for architecture arm64:
  "___res_ninit", referenced from:
      _main in conftest-9c02a5.o
ld: symbol(s) not found for architecture arm64
clang: error: linker command failed with exit code 1 (use -v to see invocation)
configure:5041: $? = 1
configure: failed program was:
| /* confdefs.h */
| #define PACKAGE_NAME ""
| #define PACKAGE_TARNAME ""
| #define PACKAGE_VERSION ""
| #define PACKAGE_STRING ""
| #define PACKAGE_BUGREPORT ""
| #define PACKAGE_URL ""
| #define HAVE_XDEBUG 1
| #define HAVE_XDEBUG_CLOCK_GETTIME 1
| #define HAVE_XDEBUG_CLOCK_GETTIME_NSEC_NP 1
| #define HAVE_GETTIMEOFDAY 1
| #define HAVE_STDIO_H 1
| #define HAVE_STDLIB_H 1
| #define HAVE_STRING_H 1
| #define HAVE_INTTYPES_H 1
| #define HAVE_STDINT_H 1
| #define HAVE_STRINGS_H 1
| #define HAVE_SYS_STAT_H 1
| #define HAVE_SYS_TYPES_H 1
| #define HAVE_UNISTD_H 1
| #define STDC_HEADERS 1
| #define HAVE_NETINET_IN_H 1
| #define HAVE_POLL_H 1
| #define HAVE_SYS_POLL_H 1
| /* end confdefs.h.  */
| /* Define __res_ninit to an innocuous variant, in case <limits.h> declares __res_ninit.
|    For example, HP-UX 11i <limits.h> declares gettimeofday.  */
| #define __res_ninit innocuous___res_ninit
| 
| /* System header to define __stub macros and hopefully few prototypes,
|    which can conflict with char __res_ninit (void); below.  */
| 
| #include <limits.h>
| #undef __res_ninit
| 
| /* Override any GCC internal prototype to avoid an error.
|    Use char because int might match the return type of a GCC
|    builtin and then its argument prototype would still apply.  */
| #ifdef __cplusplus
| extern "C"
| #endif
| char __res_ninit (void);
| /* The GNU C library defines this for functions which it implements
|     to always fail with ENOSYS.  Some functions are actually named
|     something starting with __ and the normal name is an alias.  */
| #if defined __stub___res_ninit || defined __stub_____res_ninit
| choke me
| #endif
| 
| int
| main (void)
| {
| return __res_ninit ();
|   ;
|   return 0;
| }
configure:5041: result: no
configure:5067: checking for res_ninit in -lresolv
configure:5096: cc -o conftest -g -O2 -I/opt/homebrew/Cellar/php/8.4.6/include/php -I/opt/homebrew/Cellar/php/8.4.6/include/php/main -I/opt/homebrew/Cellar/php/8.4.6/include/php/TSRM -I/opt/homebrew/Cellar/php/8.4.6/include/php/Zend -I/opt/homebrew/Cellar/php/8.4.6/include/php/ext -I/opt/homebrew/Cellar/php/8.4.6/include/php/ext/date/lib   conftest.c -lresolv   >&5
Undefined symbols for architecture arm64:
  "_res_ninit", referenced from:
      _main in conftest-8f923d.o
ld: symbol(s) not found for architecture arm64
clang: error: linker command failed with exit code 1 (use -v to see invocation)
configure:5096: $? = 1
configure: failed program was:
| /* confdefs.h */
| #define PACKAGE_NAME ""
| #define PACKAGE_TARNAME ""
| #define PACKAGE_VERSION ""
| #define PACKAGE_STRING ""
| #define PACKAGE_BUGREPORT ""
| #define PACKAGE_URL ""
| #define HAVE_XDEBUG 1
| #define HAVE_XDEBUG_CLOCK_GETTIME 1
| #define HAVE_XDEBUG_CLOCK_GETTIME_NSEC_NP 1
| #define HAVE_GETTIMEOFDAY 1
| #define HAVE_STDIO_H 1
| #define HAVE_STDLIB_H 1
| #define HAVE_STRING_H 1
| #define HAVE_INTTYPES_H 1
| #define HAVE_STDINT_H 1
| #define HAVE_STRINGS_H 1
| #define HAVE_SYS_STAT_H 1
| #define HAVE_SYS_TYPES_H 1
| #define HAVE_UNISTD_H 1
| #define STDC_HEADERS 1
| #define HAVE_NETINET_IN_H 1
| #define HAVE_POLL_H 1
| #define HAVE_SYS_POLL_H 1
| /* end confdefs.h.  */
| 
| /* Override any GCC internal prototype to avoid an error.
|    Use char because int might match the return type of a GCC
|    builtin and then its argument prototype would still apply.
|    The 'extern "C"' is for builds by C++ compilers;
|    although this is not generally supported in C code supporting it here
|    has little cost and some practical benefit (sr 110532).  */
| #ifdef __cplusplus
| extern "C"
| #endif
| char res_ninit (void);
| int
| main (void)
| {
| return res_ninit ();
|   ;
|   return 0;
| }
configure:5108: result: no
configure:5115: checking for __res_ninit in -lresolv
configure:5144: cc -o conftest -g -O2 -I/opt/homebrew/Cellar/php/8.4.6/include/php -I/opt/homebrew/Cellar/php/8.4.6/include/php/main -I/opt/homebrew/Cellar/php/8.4.6/include/php/TSRM -I/opt/homebrew/Cellar/php/8.4.6/include/php/Zend -I/opt/homebrew/Cellar/php/8.4.6/include/php/ext -I/opt/homebrew/Cellar/php/8.4.6/include/php/ext/date/lib   conftest.c -lresolv   >&5
Undefined symbols for architecture arm64:
  "___res_ninit", referenced from:
      _main in conftest-c0cca9.o
ld: symbol(s) not found for architecture arm64
clang: error: linker command failed with exit code 1 (use -v to see invocation)
configure:5144: $? = 1
configure: failed program was:
| /* confdefs.h */
| #define PACKAGE_NAME ""
| #define PACKAGE_TARNAME ""
| #define PACKAGE_VERSION ""
| #define PACKAGE_STRING ""
| #define PACKAGE_BUGREPORT ""
| #define PACKAGE_URL ""
| #define HAVE_XDEBUG 1
| #define HAVE_XDEBUG_CLOCK_GETTIME 1
| #define HAVE_XDEBUG_CLOCK_GETTIME_NSEC_NP 1
| #define HAVE_GETTIMEOFDAY 1
| #define HAVE_STDIO_H 1
| #define HAVE_STDLIB_H 1
| #define HAVE_STRING_H 1
| #define HAVE_INTTYPES_H 1
| #define HAVE_STDINT_H 1
| #define HAVE_STRINGS_H 1
| #define HAVE_SYS_STAT_H 1
| #define HAVE_SYS_TYPES_H 1
| #define HAVE_UNISTD_H 1
| #define STDC_HEADERS 1
| #define HAVE_NETINET_IN_H 1
| #define HAVE_POLL_H 1
| #define HAVE_SYS_POLL_H 1
| /* end confdefs.h.  */
| 
| /* Override any GCC internal prototype to avoid an error.
|    Use char because int might match the return type of a GCC
|    builtin and then its argument prototype would still apply.
|    The 'extern "C"' is for builds by C++ compilers;
|    although this is not generally supported in C code supporting it here
|    has little cost and some practical benefit (sr 110532).  */
| #ifdef __cplusplus
| extern "C"
| #endif
| char __res_ninit (void);
| int
| main (void)
| {
| return __res_ninit ();
|   ;
|   return 0;
| }
configure:5156: result: no
configure:5232: checking for res_nclose
configure:5232: cc -o conftest -g -O2 -I/opt/homebrew/Cellar/php/8.4.6/include/php -I/opt/homebrew/Cellar/php/8.4.6/include/php/main -I/opt/homebrew/Cellar/php/8.4.6/include/php/TSRM -I/opt/homebrew/Cellar/php/8.4.6/include/php/Zend -I/opt/homebrew/Cellar/php/8.4.6/include/php/ext -I/opt/homebrew/Cellar/php/8.4.6/include/php/ext/date/lib   conftest.c  >&5
Undefined symbols for architecture arm64:
  "_res_nclose", referenced from:
      _main in conftest-6022bd.o
ld: symbol(s) not found for architecture arm64
clang: error: linker command failed with exit code 1 (use -v to see invocation)
configure:5232: $? = 1
configure: failed program was:
| /* confdefs.h */
| #define PACKAGE_NAME ""
| #define PACKAGE_TARNAME ""
| #define PACKAGE_VERSION ""
| #define PACKAGE_STRING ""
| #define PACKAGE_BUGREPORT ""
| #define PACKAGE_URL ""
| #define HAVE_XDEBUG 1
| #define HAVE_XDEBUG_CLOCK_GETTIME 1
| #define HAVE_XDEBUG_CLOCK_GETTIME_NSEC_NP 1
| #define HAVE_GETTIMEOFDAY 1
| #define HAVE_STDIO_H 1
| #define HAVE_STDLIB_H 1
| #define HAVE_STRING_H 1
| #define HAVE_INTTYPES_H 1
| #define HAVE_STDINT_H 1
| #define HAVE_STRINGS_H 1
| #define HAVE_SYS_STAT_H 1
| #define HAVE_SYS_TYPES_H 1
| #define HAVE_UNISTD_H 1
| #define STDC_HEADERS 1
| #define HAVE_NETINET_IN_H 1
| #define HAVE_POLL_H 1
| #define HAVE_SYS_POLL_H 1
| /* end confdefs.h.  */
| /* Define res_nclose to an innocuous variant, in case <limits.h> declares res_nclose.
|    For example, HP-UX 11i <limits.h> declares gettimeofday.  */
| #define res_nclose innocuous_res_nclose
| 
| /* System header to define __stub macros and hopefully few prototypes,
|    which can conflict with char res_nclose (void); below.  */
| 
| #include <limits.h>
| #undef res_nclose
| 
| /* Override any GCC internal prototype to avoid an error.
|    Use char because int might match the return type of a GCC
|    builtin and then its argument prototype would still apply.  */
| #ifdef __cplusplus
| extern "C"
| #endif
| char res_nclose (void);
| /* The GNU C library defines this for functions which it implements
|     to always fail with ENOSYS.  Some functions are actually named
|     something starting with __ and the normal name is an alias.  */
| #if defined __stub_res_nclose || defined __stub___res_nclose
| choke me
| #endif
| 
| int
| main (void)
| {
| return res_nclose ();
|   ;
|   return 0;
| }
configure:5232: result: no
configure:5237: checking for __res_nclose
configure:5237: cc -o conftest -g -O2 -I/opt/homebrew/Cellar/php/8.4.6/include/php -I/opt/homebrew/Cellar/php/8.4.6/include/php/main -I/opt/homebrew/Cellar/php/8.4.6/include/php/TSRM -I/opt/homebrew/Cellar/php/8.4.6/include/php/Zend -I/opt/homebrew/Cellar/php/8.4.6/include/php/ext -I/opt/homebrew/Cellar/php/8.4.6/include/php/ext/date/lib   conftest.c  >&5
Undefined symbols for architecture arm64:
  "___res_nclose", referenced from:
      _main in conftest-ee178e.o
ld: symbol(s) not found for architecture arm64
clang: error: linker command failed with exit code 1 (use -v to see invocation)
configure:5237: $? = 1
configure: failed program was:
| /* confdefs.h */
| #define PACKAGE_NAME ""
| #define PACKAGE_TARNAME ""
| #define PACKAGE_VERSION ""
| #define PACKAGE_STRING ""
| #define PACKAGE_BUGREPORT ""
| #define PACKAGE_URL ""
| #define HAVE_XDEBUG 1
| #define HAVE_XDEBUG_CLOCK_GETTIME 1
| #define HAVE_XDEBUG_CLOCK_GETTIME_NSEC_NP 1
| #define HAVE_GETTIMEOFDAY 1
| #define HAVE_STDIO_H 1
| #define HAVE_STDLIB_H 1
| #define HAVE_STRING_H 1
| #define HAVE_INTTYPES_H 1
| #define HAVE_STDINT_H 1
| #define HAVE_STRINGS_H 1
| #define HAVE_SYS_STAT_H 1
| #define HAVE_SYS_TYPES_H 1
| #define HAVE_UNISTD_H 1
| #define STDC_HEADERS 1
| #define HAVE_NETINET_IN_H 1
| #define HAVE_POLL_H 1
| #define HAVE_SYS_POLL_H 1
| /* end confdefs.h.  */
| /* Define __res_nclose to an innocuous variant, in case <limits.h> declares __res_nclose.
|    For example, HP-UX 11i <limits.h> declares gettimeofday.  */
| #define __res_nclose innocuous___res_nclose
| 
| /* System header to define __stub macros and hopefully few prototypes,
|    which can conflict with char __res_nclose (void); below.  */
| 
| #include <limits.h>
| #undef __res_nclose
| 
| /* Override any GCC internal prototype to avoid an error.
|    Use char because int might match the return type of a GCC
|    builtin and then its argument prototype would still apply.  */
| #ifdef __cplusplus
| extern "C"
| #endif
| char __res_nclose (void);
| /* The GNU C library defines this for functions which it implements
|     to always fail with ENOSYS.  Some functions are actually named
|     something starting with __ and the normal name is an alias.  */
| #if defined __stub___res_nclose || defined __stub_____res_nclose
| choke me
| #endif
| 
| int
| main (void)
| {
| return __res_nclose ();
|   ;
|   return 0;
| }
configure:5237: result: no
configure:5263: checking for res_nclose in -lresolv
configure:5292: cc -o conftest -g -O2 -I/opt/homebrew/Cellar/php/8.4.6/include/php -I/opt/homebrew/Cellar/php/8.4.6/include/php/main -I/opt/homebrew/Cellar/php/8.4.6/include/php/TSRM -I/opt/homebrew/Cellar/php/8.4.6/include/php/Zend -I/opt/homebrew/Cellar/php/8.4.6/include/php/ext -I/opt/homebrew/Cellar/php/8.4.6/include/php/ext/date/lib   conftest.c -lresolv   >&5
Undefined symbols for architecture arm64:
  "_res_nclose", referenced from:
      _main in conftest-ff0b87.o
ld: symbol(s) not found for architecture arm64
clang: error: linker command failed with exit code 1 (use -v to see invocation)
configure:5292: $? = 1
configure: failed program was:
| /* confdefs.h */
| #define PACKAGE_NAME ""
| #define PACKAGE_TARNAME ""
| #define PACKAGE_VERSION ""
| #define PACKAGE_STRING ""
| #define PACKAGE_BUGREPORT ""
| #define PACKAGE_URL ""
| #define HAVE_XDEBUG 1
| #define HAVE_XDEBUG_CLOCK_GETTIME 1
| #define HAVE_XDEBUG_CLOCK_GETTIME_NSEC_NP 1
| #define HAVE_GETTIMEOFDAY 1
| #define HAVE_STDIO_H 1
| #define HAVE_STDLIB_H 1
| #define HAVE_STRING_H 1
| #define HAVE_INTTYPES_H 1
| #define HAVE_STDINT_H 1
| #define HAVE_STRINGS_H 1
| #define HAVE_SYS_STAT_H 1
| #define HAVE_SYS_TYPES_H 1
| #define HAVE_UNISTD_H 1
| #define STDC_HEADERS 1
| #define HAVE_NETINET_IN_H 1
| #define HAVE_POLL_H 1
| #define HAVE_SYS_POLL_H 1
| /* end confdefs.h.  */
| 
| /* Override any GCC internal prototype to avoid an error.
|    Use char because int might match the return type of a GCC
|    builtin and then its argument prototype would still apply.
|    The 'extern "C"' is for builds by C++ compilers;
|    although this is not generally supported in C code supporting it here
|    has little cost and some practical benefit (sr 110532).  */
| #ifdef __cplusplus
| extern "C"
| #endif
| char res_nclose (void);
| int
| main (void)
| {
| return res_nclose ();
|   ;
|   return 0;
| }
configure:5304: result: no
configure:5311: checking for __res_nclose in -lresolv
configure:5340: cc -o conftest -g -O2 -I/opt/homebrew/Cellar/php/8.4.6/include/php -I/opt/homebrew/Cellar/php/8.4.6/include/php/main -I/opt/homebrew/Cellar/php/8.4.6/include/php/TSRM -I/opt/homebrew/Cellar/php/8.4.6/include/php/Zend -I/opt/homebrew/Cellar/php/8.4.6/include/php/ext -I/opt/homebrew/Cellar/php/8.4.6/include/php/ext/date/lib   conftest.c -lresolv   >&5
Undefined symbols for architecture arm64:
  "___res_nclose", referenced from:
      _main in conftest-2f2a4f.o
ld: symbol(s) not found for architecture arm64
clang: error: linker command failed with exit code 1 (use -v to see invocation)
configure:5340: $? = 1
configure: failed program was:
| /* confdefs.h */
| #define PACKAGE_NAME ""
| #define PACKAGE_TARNAME ""
| #define PACKAGE_VERSION ""
| #define PACKAGE_STRING ""
| #define PACKAGE_BUGREPORT ""
| #define PACKAGE_URL ""
| #define HAVE_XDEBUG 1
| #define HAVE_XDEBUG_CLOCK_GETTIME 1
| #define HAVE_XDEBUG_CLOCK_GETTIME_NSEC_NP 1
| #define HAVE_GETTIMEOFDAY 1
| #define HAVE_STDIO_H 1
| #define HAVE_STDLIB_H 1
| #define HAVE_STRING_H 1
| #define HAVE_INTTYPES_H 1
| #define HAVE_STDINT_H 1
| #define HAVE_STRINGS_H 1
| #define HAVE_SYS_STAT_H 1
| #define HAVE_SYS_TYPES_H 1
| #define HAVE_UNISTD_H 1
| #define STDC_HEADERS 1
| #define HAVE_NETINET_IN_H 1
| #define HAVE_POLL_H 1
| #define HAVE_SYS_POLL_H 1
| /* end confdefs.h.  */
| 
| /* Override any GCC internal prototype to avoid an error.
|    Use char because int might match the return type of a GCC
|    builtin and then its argument prototype would still apply.
|    The 'extern "C"' is for builds by C++ compilers;
|    although this is not generally supported in C code supporting it here
|    has little cost and some practical benefit (sr 110532).  */
| #ifdef __cplusplus
| extern "C"
| #endif
| char __res_nclose (void);
| int
| main (void)
| {
| return __res_nclose ();
|   ;
|   return 0;
| }
configure:5352: result: no
configure:5529: checking for cos in -lm
configure:5558: cc -o conftest -g -O2 -I/opt/homebrew/Cellar/php/8.4.6/include/php -I/opt/homebrew/Cellar/php/8.4.6/include/php/main -I/opt/homebrew/Cellar/php/8.4.6/include/php/TSRM -I/opt/homebrew/Cellar/php/8.4.6/include/php/Zend -I/opt/homebrew/Cellar/php/8.4.6/include/php/ext -I/opt/homebrew/Cellar/php/8.4.6/include/php/ext/date/lib   conftest.c -lm   >&5
conftest.c:36:6: warning: incompatible redeclaration of library function 'cos' [-Wincompatible-library-redeclaration]
   36 | char cos (void);
      |      ^
conftest.c:36:6: note: 'cos' is a builtin with type 'double (double)'
1 warning generated.
configure:5558: $? = 0
configure:5570: result: yes
configure:5615: checking for zlib >= 1.2.9
configure:5622: $PKG_CONFIG --exists --print-errors "zlib >= 1.2.9"
configure:5625: $? = 0
configure:5639: $PKG_CONFIG --exists --print-errors "zlib >= 1.2.9"
configure:5642: $? = 0
configure:5680: result: yes
configure:7824: checking for a sed that does not truncate output
configure:7880: result: /usr/bin/sed
configure:7896: checking for ld used by cc
configure:7965: result: /Library/Developer/CommandLineTools/usr/bin/ld
configure:7972: checking if the linker (/Library/Developer/CommandLineTools/usr/bin/ld) is GNU ld
configure:7989: result: no
configure:7994: checking for /Library/Developer/CommandLineTools/usr/bin/ld option to reload object files
configure:8003: result: -r
configure:8021: checking for BSD-compatible nm
configure:8072: result: /usr/bin/nm -B
configure:8076: checking whether ln -s works
configure:8080: result: yes
configure:8087: checking how to recognize dependent libraries
configure:8275: result: pass_all
configure:8496: checking for dlfcn.h
configure:8496: cc -c -g -O2  conftest.c >&5
configure:8496: $? = 0
configure:8496: result: yes
configure:8515: checking the maximum length of command line arguments
configure:8629: result: 786432
configure:8641: checking command to parse /usr/bin/nm -B output from cc object
configure:8747: cc -c -g -O2  conftest.c >&5
configure:8750: $? = 0
configure:8754: /usr/bin/nm -B conftest.o \| sed -n -e 's/^.*[ 	]\([ABCDGIRSTW][ABCDGIRSTW]*\)[ 	][ 	]*\([_A-Za-z][_A-Za-z0-9]*\)$/\1 \2 \2/p' \> conftest.nm
configure:8757: $? = 0
cannot find nm_test_var in conftest.nm
configure:8747: cc -c -g -O2  conftest.c >&5
configure:8750: $? = 0
configure:8754: /usr/bin/nm -B conftest.o \| sed -n -e 's/^.*[ 	]\([ABCDGIRSTW][ABCDGIRSTW]*\)[ 	][ 	]*_\([_A-Za-z][_A-Za-z0-9]*\)$/\1 _\2 \2/p' \> conftest.nm
configure:8757: $? = 0
configure:8809: cc -o conftest -g -O2   conftest.c conftstm.o >&5
configure:8812: $? = 0
configure:8851: result: ok
configure:8855: checking for objdir
configure:8872: result: .libs
configure:8970: checking for ar
configure:8991: found /usr/bin/ar
configure:9003: result: ar
configure:9074: checking for ranlib
configure:9095: found /usr/bin/ranlib
configure:9107: result: ranlib
configure:9178: checking for strip
configure:9199: found /usr/bin/strip
configure:9211: result: strip
configure:9474: checking for dsymutil
configure:9495: found /usr/bin/dsymutil
configure:9507: result: dsymutil
configure:9578: checking for nmedit
configure:9599: found /usr/bin/nmedit
configure:9611: result: nmedit
configure:9634: checking for -single_module linker flag
configure:9657: result: yes
configure:9659: checking for -exported_symbols_list linker flag
configure:9676: cc -o conftest -g -O2   -Wl,-exported_symbols_list,conftest.sym conftest.c  >&5
configure:9679: $? = 0
configure:9694: result: yes
configure:9814: checking if cc supports -fno-rtti -fno-exceptions
configure:9833: cc -c -g -O2  -fno-rtti -fno-exceptions conftest.c >&5
configure:9837: $? = 0
configure:9851: result: yes
configure:9866: checking for cc option to produce PIC
configure:10106: result: -fno-common
configure:10114: checking if cc PIC flag -fno-common works
configure:10133: cc -c -g -O2  -fno-common -DPIC conftest.c >&5
configure:10137: $? = 0
configure:10151: result: yes
configure:10179: checking if cc static flag -static works
configure:10209: result: no
configure:10219: checking if cc supports -c -o file.o
configure:10241: cc -c -g -O2  -o out/conftest2.o conftest.c >&5
configure:10245: $? = 0
configure:10268: result: yes
configure:10294: checking whether the cc linker (/Library/Developer/CommandLineTools/usr/bin/ld) supports shared libraries
configure:11222: result: yes
configure:11289: checking dynamic linker characteristics
configure:11898: result: darwin24.6.0 dyld
configure:11926: checking how to hardcode library paths into programs
configure:11951: result: immediate
configure:11965: checking whether stripping libraries is possible
configure:11979: result: yes
configure:12533: checking if libtool supports shared libraries
configure:12535: result: yes
configure:12538: checking whether to build shared libraries
configure:12559: result: yes
configure:12562: checking whether to build static libraries
configure:12566: result: no
configure:12660: result:
creating libtool
configure:16445: patching config.h.in
configure:16456: creating ./config.status

## ---------------------- ##
## Running config.status. ##
## ---------------------- ##

This file was extended by config.status, which was
generated by GNU Autoconf 2.72.  Invocation command line was

  CONFIG_FILES    = 
  CONFIG_HEADERS  = 
  CONFIG_LINKS    = 
  CONFIG_COMMANDS = 
  $ ./config.status 

on Cristians-MacBook-Pro.local

config.status:680: creating config.h

## ---------------- ##
## Cache variables. ##
## ---------------- ##

ac_cv_build=aarch64-apple-darwin24.6.0
ac_cv_c_compiler_gnu=yes
ac_cv_env_CC_set=
ac_cv_env_CC_value=
ac_cv_env_CFLAGS_set=
ac_cv_env_CFLAGS_value=
ac_cv_env_CPPFLAGS_set=
ac_cv_env_CPPFLAGS_value=
ac_cv_env_CPP_set=
ac_cv_env_CPP_value=
ac_cv_env_LDFLAGS_set=
ac_cv_env_LDFLAGS_value=
ac_cv_env_LIBS_set=
ac_cv_env_LIBS_value=
ac_cv_env_PKG_CONFIG_LIBDIR_set=
ac_cv_env_PKG_CONFIG_LIBDIR_value=
ac_cv_env_PKG_CONFIG_PATH_set=
ac_cv_env_PKG_CONFIG_PATH_value=
ac_cv_env_PKG_CONFIG_set=
ac_cv_env_PKG_CONFIG_value=
ac_cv_env_ZLIB_CFLAGS_set=
ac_cv_env_ZLIB_CFLAGS_value=
ac_cv_env_ZLIB_LIBS_set=
ac_cv_env_ZLIB_LIBS_value=
ac_cv_env_build_alias_set=
ac_cv_env_build_alias_value=
ac_cv_env_host_alias_set=
ac_cv_env_host_alias_value=
ac_cv_env_target_alias_set=
ac_cv_env_target_alias_value=
ac_cv_func___res_nclose=no
ac_cv_func___res_ninit=no
ac_cv_func_clock_gettime_nsec_np=yes
ac_cv_func_gettimeofday=yes
ac_cv_func_res_nclose=no
ac_cv_func_res_ninit=no
ac_cv_header_dlfcn_h=yes
ac_cv_header_inttypes_h=yes
ac_cv_header_netinet_in_h=yes
ac_cv_header_poll_h=yes
ac_cv_header_stdint_h=yes
ac_cv_header_stdio_h=yes
ac_cv_header_stdlib_h=yes
ac_cv_header_string_h=yes
ac_cv_header_strings_h=yes
ac_cv_header_sys_poll_h=yes
ac_cv_header_sys_stat_h=yes
ac_cv_header_sys_types_h=yes
ac_cv_header_unistd_h=yes
ac_cv_host=aarch64-apple-darwin24.6.0
ac_cv_lib_m_cos=yes
ac_cv_lib_resolv___res_nclose=no
ac_cv_lib_resolv___res_ninit=no
ac_cv_lib_resolv_res_nclose=no
ac_cv_lib_resolv_res_ninit=no
ac_cv_objext=o
ac_cv_path_EGREP='/usr/bin/grep -E'
ac_cv_path_EGREP_TRADITIONAL='/usr/bin/grep -E'
ac_cv_path_GREP=/usr/bin/grep
ac_cv_path_SED=/usr/bin/sed
ac_cv_path_ac_pt_PKG_CONFIG=/opt/homebrew/bin/pkg-config
ac_cv_prog_AWK=awk
ac_cv_prog_CPP='cc -E'
ac_cv_prog_ac_ct_AR=ar
ac_cv_prog_ac_ct_CC=cc
ac_cv_prog_ac_ct_DSYMUTIL=dsymutil
ac_cv_prog_ac_ct_NMEDIT=nmedit
ac_cv_prog_ac_ct_RANLIB=ranlib
ac_cv_prog_ac_ct_STRIP=strip
ac_cv_prog_cc_c11=
ac_cv_prog_cc_g=yes
ac_cv_prog_cc_stdc=
ac_cv_target=aarch64-apple-darwin24.6.0
lt_cv_apple_cc_single_mod=yes
lt_cv_deplibs_check_method=pass_all
lt_cv_file_magic_cmd='$MAGIC_CMD'
lt_cv_file_magic_test_file=
lt_cv_ld_exported_symbols_list=yes
lt_cv_ld_reload_flag=-r
lt_cv_objdir=.libs
lt_cv_path_LD=/Library/Developer/CommandLineTools/usr/bin/ld
lt_cv_path_NM='/usr/bin/nm -B'
lt_cv_path_SED=/usr/bin/sed
lt_cv_prog_compiler_c_o=yes
lt_cv_prog_compiler_pic_works=yes
lt_cv_prog_compiler_rtti_exceptions=yes
lt_cv_prog_compiler_static_works=no
lt_cv_prog_gnu_ld=no
lt_cv_sys_global_symbol_pipe='sed -n -e '\''s/^.*[ 	]\([ABCDGIRSTW][ABCDGIRSTW]*\)[ 	][ 	]*_\([_A-Za-z][_A-Za-z0-9]*\)$/\1 _\2 \2/p'\'''
lt_cv_sys_global_symbol_to_c_name_address='sed -n -e '\''s/^: \([^ ]*\) $/  {\"\1\", (lt_ptr) 0},/p'\'' -e '\''s/^[BCDEGRST] \([^ ]*\) \([^ ]*\)$/  {"\2", (lt_ptr) \&\2},/p'\'''
lt_cv_sys_global_symbol_to_cdecl='sed -n -e '\''s/^. .* \(.*\)$/extern int \1;/p'\'''
lt_cv_sys_lib_dlsearch_path_spec='/usr/local/lib /lib /usr/lib'
lt_cv_sys_lib_search_path_spec='/Library/Developer/CommandLineTools/usr/lib/clang/17 /usr/local/lib'
lt_cv_sys_max_cmd_len=786432
lt_lt_cv_prog_compiler_c_o='"yes"'
lt_lt_cv_sys_global_symbol_pipe='"sed -n -e '\''s/^.*[ 	]\\([ABCDGIRSTW][ABCDGIRSTW]*\\)[ 	][ 	]*_\\([_A-Za-z][_A-Za-z0-9]*\\)\$/\\1 _\\2 \\2/p'\''"'
lt_lt_cv_sys_global_symbol_to_c_name_address='"sed -n -e '\''s/^: \\([^ ]*\\) \$/  {\\\"\\1\\\", (lt_ptr) 0},/p'\'' -e '\''s/^[BCDEGRST] \\([^ ]*\\) \\([^ ]*\\)\$/  {\"\\2\", (lt_ptr) \\&\\2},/p'\''"'
lt_lt_cv_sys_global_symbol_to_cdecl='"sed -n -e '\''s/^. .* \\(.*\\)\$/extern int \\1;/p'\''"'
php_cv_cc_rpath=yes
pkg_cv_ZLIB_CFLAGS=
pkg_cv_ZLIB_LIBS=-lz

## ----------------- ##
## Output variables. ##
## ----------------- ##

AR='ar'
AWK='awk'
BUILD_CC='cc'
CC='cc'
CFLAGS='-g -O2'
CONFIGURE_COMMAND=' '\''./configure'\''  '\''--with-php-config=/opt/homebrew/Cellar/php/8.4.6/bin/php-config'\'''
CONFIGURE_OPTIONS=' '\''--with-php-config=/opt/homebrew/Cellar/php/8.4.6/bin/php-config'\'''
CPP='cc -E'
CPPFLAGS=' -DHAVE_CONFIG_H'
DEFS='-DHAVE_CONFIG_H'
DSYMUTIL='dsymutil'
ECHO='/bin/echo'
ECHO_C='\c'
ECHO_N=''
ECHO_T=''
EGREP='/usr/bin/grep -E'
EXEEXT=''
GREP='/usr/bin/grep'
LDFLAGS=''
LIBOBJS=''
LIBS=''
LIBTOOL='$(SHELL) $(top_builddir)/libtool'
LN_S='ln -s'
LTLIBOBJS=''
NMEDIT='nmedit'
OBJEXT='o'
PACKAGE_BUGREPORT=''
PACKAGE_NAME=''
PACKAGE_STRING=''
PACKAGE_TARNAME=''
PACKAGE_URL=''
PACKAGE_VERSION=''
PATH_SEPARATOR=':'
PKG_CONFIG='/opt/homebrew/bin/pkg-config'
PKG_CONFIG_LIBDIR=''
PKG_CONFIG_PATH=''
RANLIB='ranlib'
SED='/usr/bin/sed'
SHELL='/bin/sh'
SHLIB_DL_SUFFIX_NAME='so'
SHLIB_SUFFIX_NAME='dylib'
STRIP='strip'
ZLIB_CFLAGS=''
ZLIB_LIBS='-lz'
ac_ct_CC='cc'
bindir='${exec_prefix}/bin'
build='aarch64-apple-darwin24.6.0'
build_alias=''
build_cpu='aarch64'
build_os='darwin24.6.0'
build_vendor='apple'
datadir='${datarootdir}'
datarootdir='${prefix}/share'
docdir='${datarootdir}/doc/${PACKAGE}'
dvidir='${docdir}'
exec_prefix='$(prefix)'
host='aarch64-apple-darwin24.6.0'
host_alias='aarch64-apple-darwin24.6.0'
host_cpu='aarch64'
host_os='darwin24.6.0'
host_vendor='apple'
htmldir='${docdir}'
includedir='${prefix}/include'
infodir='${datarootdir}/info'
libdir='${exec_prefix}/lib'
libexecdir='${exec_prefix}/libexec'
localedir='${datarootdir}/locale'
localstatedir='${prefix}/var'
mandir='${datarootdir}/man'
oldincludedir='/usr/include'
pdfdir='${docdir}'
prefix='/opt/homebrew/Cellar/php/8.4.6'
program_transform_name='s,x,x,'
psdir='${docdir}'
runstatedir='${localstatedir}/run'
sbindir='${exec_prefix}/sbin'
sharedstatedir='${prefix}/com'
sysconfdir='${prefix}/etc'
target='aarch64-apple-darwin24.6.0'
target_alias=''
target_cpu='aarch64'
target_os='darwin24.6.0'
target_vendor='apple'

## ----------- ##
## confdefs.h. ##
## ----------- ##

/* confdefs.h */
#define PACKAGE_NAME ""
#define PACKAGE_TARNAME ""
#define PACKAGE_VERSION ""
#define PACKAGE_STRING ""
#define PACKAGE_BUGREPORT ""
#define PACKAGE_URL ""
#define HAVE_XDEBUG 1
#define HAVE_XDEBUG_CLOCK_GETTIME 1
#define HAVE_XDEBUG_CLOCK_GETTIME_NSEC_NP 1
#define HAVE_GETTIMEOFDAY 1
#define HAVE_STDIO_H 1
#define HAVE_STDLIB_H 1
#define HAVE_STRING_H 1
#define HAVE_INTTYPES_H 1
#define HAVE_STDINT_H 1
#define HAVE_STRINGS_H 1
#define HAVE_SYS_STAT_H 1
#define HAVE_SYS_TYPES_H 1
#define HAVE_UNISTD_H 1
#define STDC_HEADERS 1
#define HAVE_NETINET_IN_H 1
#define HAVE_POLL_H 1
#define HAVE_SYS_POLL_H 1
#define HAVE_XDEBUG_ZLIB 1
#define COMPILE_DL_XDEBUG 1
#define HAVE_DLFCN_H 1

configure: exit 0
